number,value,duration,params_learning_rate,params_num_train_epochs,params_per_device_train_batch_size,params_warmup_steps,params_weight_decay,state
0,0.8522450988032965,0 days 00:00:46.204077,2.7783342762832702e-05,2,16,158,0.03816186905551426,COMPLETE
1,0.842557273573553,0 days 00:01:08.291109,4.4096558813245676e-05,4,32,152,0.06320638186656491,COMPLETE
2,0.8228135078285649,0 days 00:01:09.048804,0.00012626136466956515,3,16,189,0.18577876600186385,COMPLETE
3,0.819458732651109,0 days 00:00:34.908025,0.00019044200214532033,2,32,190,0.06946431757503387,COMPLETE
4,0.8577277129208972,0 days 00:01:01.650088,5.458562291150014e-05,4,64,34,0.10700544285554155,COMPLETE
5,0.8305482850778908,0 days 00:00:33.063719,9.213027577292636e-05,2,32,74,0.043647926596710615,PRUNED
6,0.6141721654727299,0 days 00:00:21.822057,0.00017497017760835919,2,16,30,0.09304950461221688,PRUNED
7,0.8461960843477633,0 days 00:00:46.570253,0.0001701519877743465,3,64,2,0.05690872332853415,COMPLETE
8,0.8610142050908584,0 days 00:01:30.729666,2.6671030576600103e-05,4,16,58,0.036762735036943384,COMPLETE
9,0.830275582449311,0 days 00:00:31.430046,6.0543272893021636e-05,2,64,33,0.026906838582406695,COMPLETE
10,0.8058156105024636,0 days 00:00:22.336395,2.0036991771792955e-05,3,16,92,0.16934509003394038,PRUNED
11,0.8563173280703554,0 days 00:01:03.239740,3.955552351382598e-05,4,64,66,0.12009169410145273,COMPLETE
12,0.7773681515617,0 days 00:00:14.695567,6.730493725029642e-05,4,64,106,0.12507034139289538,PRUNED
13,0.8086298220752637,0 days 00:00:21.846556,3.253455699007383e-05,4,16,41,0.1369034164776946,PRUNED
14,0.7656779594093027,0 days 00:00:14.385567,2.046088947682668e-05,4,64,7,0.09486375105875695,PRUNED
15,0.7999145097361283,0 days 00:00:21.789816,5.831510561876776e-05,3,16,59,0.01099442253828441,PRUNED
16,0.8381447443137048,0 days 00:01:01.580690,8.218992845324939e-05,4,64,123,0.09290015398094888,COMPLETE
17,0.8021161844691257,0 days 00:00:14.782456,4.5489157338719924e-05,4,64,51,0.14323418557745263,PRUNED
18,0.8424120806729501,0 days 00:01:08.299489,2.7115789751168718e-05,3,16,84,0.16407029907896065,COMPLETE
19,0.8221167819113527,0 days 00:00:16.333692,3.422124805189488e-05,4,32,18,0.0803071972812055,PRUNED
20,0.8359063842989135,0 days 00:00:44.142005,0.0001057820710408577,3,16,97,0.107393996754897,PRUNED
21,0.8053047194351542,0 days 00:00:14.463869,4.399262756759072e-05,4,64,60,0.1116214405685275,PRUNED
22,0.787768307892147,0 days 00:00:14.472483,3.64959317924359e-05,4,64,71,0.14694774487639198,PRUNED
23,0.7890938656272571,0 days 00:00:14.417765,2.4784584835003517e-05,4,64,116,0.12215370297094072,PRUNED
24,0.8389781852918685,0 days 00:00:44.437492,5.246918337656055e-05,4,64,45,0.1989358488381115,PRUNED
25,0.855486209082173,0 days 00:01:01.833369,4.0803046939377185e-05,4,64,19,0.16159037432653606,COMPLETE
26,0.8545041204887752,0 days 00:01:01.922731,6.879102445923429e-05,4,64,73,0.012715412229696268,COMPLETE
27,0.7887312552831296,0 days 00:00:14.632298,3.010825635761862e-05,4,64,26,0.11043211742773452,PRUNED
28,0.818128810985224,0 days 00:00:16.310756,2.3879377096999324e-05,3,32,59,0.07925928908829243,PRUNED
29,0.8121135109477026,0 days 00:00:21.794451,5.0690690035888256e-05,4,16,137,0.03811217930625001,PRUNED
30,0.823476151428181,0 days 00:00:44.059047,3.788734926419087e-05,4,16,80,0.02856103827132627,PRUNED
31,0.8093237847666318,0 days 00:00:14.402915,4.008336887502596e-05,4,64,16,0.15857702575989008,PRUNED
32,0.796305356236863,0 days 00:00:14.450996,2.86972667694799e-05,4,64,38,0.17901886723429752,PRUNED
33,0.8345734672328925,0 days 00:00:29.440696,4.529425664337653e-05,4,64,17,0.1288784132893828,PRUNED
34,0.8538041977354321,0 days 00:01:01.453161,5.242474583640245e-05,4,64,52,0.1499711666155552,COMPLETE
35,0.816230851971366,0 days 00:00:16.318032,3.8995553142313774e-05,4,32,27,0.052284285346531484,PRUNED
36,0.8024740411104047,0 days 00:00:14.451223,3.203507667571072e-05,4,64,66,0.19544976086897792,PRUNED
37,0.7910971319400759,0 days 00:00:21.853219,7.085505386367208e-05,4,16,168,0.07271246850201404,PRUNED
38,0.7965181613431837,0 days 00:00:16.230622,2.4121756799592698e-05,3,32,10,0.1826345532619474,PRUNED
39,0.8105305925588077,0 days 00:00:14.460759,4.279790892143141e-05,4,64,47,0.10035412749868244,PRUNED
40,0.8404726613078356,0 days 00:00:45.130501,6.060594787350679e-05,4,16,1,0.1332097511917751,PRUNED
41,0.8354975369297262,0 days 00:01:01.487642,7.843380610414033e-05,4,64,80,0.024542419351048186,COMPLETE
42,0.7926871387266375,0 days 00:00:14.548096,0.00010025300941419401,4,64,94,0.019730390009690263,PRUNED
43,0.8574734986557165,0 days 00:01:01.672257,6.894010499262795e-05,4,64,35,0.012545843854424359,COMPLETE
44,0.814744756703455,0 days 00:00:14.476985,5.7467438392406257e-05,4,64,34,0.03914332139457502,PRUNED
45,0.7786094279870214,0 days 00:00:14.383929,0.00013803236565151,4,64,28,0.054695730997044056,PRUNED
46,0.8053742373671997,0 days 00:00:14.401014,8.456507410731881e-05,2,64,40,0.11830300718473273,PRUNED
47,0.8288358052903746,0 days 00:00:43.826690,4.90950051913341e-05,4,16,51,0.045151370207683325,PRUNED
48,0.8196877025518604,0 days 00:00:14.461987,6.483172805328105e-05,4,64,23,0.16993148542911946,PRUNED
49,0.8181891426196218,0 days 00:00:16.172456,2.6624911622815174e-05,3,32,197,0.06549482252764777,PRUNED
